<?xml version="1.0" encoding="UTF-8"?>
<testsuite xmlns:xsi="http://www.w3.org/2001/XMLSchema-instance" xsi:noNamespaceSchemaLocation="https://maven.apache.org/surefire/maven-surefire-plugin/xsd/surefire-test-report-3.0.xsd" version="3.0" name="org.cucumber.TestNGRunner" time="9.364" tests="1" errors="0" skipped="0" failures="0">
  <properties>
[...]
</properties>
  <testcase name="runScenario[&quot;Clicking one product out of each dropdown list.&quot;, &quot;User should be able hoover over each dropdown menus and click one product from each menu.&quot;](1)" classname="org.cucumber.TestNGRunner" time="8.518">
    <system-out><![CDATA[€ EURO
£ POUND STERLING
 Specials
 Account
 Cart
 Checkout
    Shoes
    T-shirts
    Cheeks
    Eyes
    Face
    Eyes
    Face
    Gift Ideas & Sets
    Men
    Women
    Body & Shower
    Fragrance Sets
    Pre-Shave & Shaving
    Conditioner
    Shampoo
    Audio CD
    Paperback
]]></system-out>
    <system-err><![CDATA[SLF4J: Failed to load class "org.slf4j.impl.StaticLoggerBinder".
SLF4J: Defaulting to no-operation (NOP) logger implementation
SLF4J: See http://www.slf4j.org/codes.html#StaticLoggerBinder for further details.
ERROR StatusLogger Log4j2 could not find a logging implementation. Please add log4j-core to the classpath. Using SimpleLogger to log to the console...
Starting ChromeDriver 114.0.5735.90 (386bc09e8f4f2e025eddae123f36f6263096ae49-refs/branch-heads/5735@{#1052}) on port 32276
Only local connections are allowed.
Please see https://chromedriver.chromium.org/security-considerations for suggestions on keeping ChromeDriver safe.
ChromeDriver was started successfully.
[1691530435.540][WARNING]: This version of ChromeDriver has not been tested with Chrome version 115.
Aug 08, 2023 10:33:55 PM org.openqa.selenium.devtools.CdpVersionFinder findNearestMatch
WARNING: Unable to find CDP implementation matching 115
Aug 08, 2023 10:33:55 PM org.openqa.selenium.chromium.ChromiumDriver lambda$new$3
WARNING: Unable to find version of CDP to use for . You may need to include a dependency on a specific version of the CDP using something similar to `org.seleniumhq.selenium:selenium-devtools-v86:4.8.1` where the version ("v86") matches the version of the chromium-based browser you're using and the version number of the artifact is the same as Selenium's.
]]></system-err>
  </testcase>
</testsuite>