<?xml version="1.0" encoding="UTF-8"?>
<testng-results ignored="0" total="1" passed="1" failed="0" skipped="0">
  <reporter-output>
  </reporter-output>
  <suite started-at="2023-08-08T22:33:53 BST" name="Surefire suite" finished-at="2023-08-08T22:34:02 BST" duration-ms="8975">
    <groups>
      <group name="cucumber">
        <method signature="AbstractTestNGCucumberTests.runScenario(io.cucumber.testng.PickleWrapper,io.cucumber.testng.FeatureWrapper)[pri:0, instance:org.cucumber.TestNGRunner@1573f9fc]" name="runScenario" class="io.cucumber.testng.AbstractTestNGCucumberTests"/>
      </group> <!-- cucumber -->
    </groups>
    <test started-at="2023-08-08T22:33:53 BST" name="Surefire test" finished-at="2023-08-08T22:34:02 BST" duration-ms="8975">
      <class name="org.cucumber.TestNGRunner">
        <test-method is-config="true" signature="setUpClass(org.testng.ITestContext)[pri:0, instance:org.cucumber.TestNGRunner@1573f9fc]" started-at="2023-08-08T22:33:53 BST" name="setUpClass" finished-at="2023-08-08T22:33:53 BST" duration-ms="372" status="PASS">
          <params>
            <param index="0">
              <value>
                <![CDATA[org.testng.TestRunner@a0c5be]]>
              </value>
            </param>
          </params>
          <reporter-output>
          </reporter-output>
        </test-method> <!-- setUpClass -->
        <test-method signature="runScenario(io.cucumber.testng.PickleWrapper,io.cucumber.testng.FeatureWrapper)[pri:0, instance:org.cucumber.TestNGRunner@1573f9fc]" started-at="2023-08-08T22:33:53 BST" name="runScenario" description="Runs Cucumber Scenarios" data-provider="scenarios" finished-at="2023-08-08T22:34:01 BST" duration-ms="8516" status="PASS">
          <params>
            <param index="0">
              <value>
                <![CDATA["Clicking one product out of each dropdown list."]]>
              </value>
            </param>
            <param index="1">
              <value>
                <![CDATA["User should be able hoover over each dropdown menus and click one product from each menu."]]>
              </value>
            </param>
          </params>
          <reporter-output>
          </reporter-output>
        </test-method> <!-- runScenario -->
        <test-method is-config="true" signature="tearDownClass()[pri:0, instance:org.cucumber.TestNGRunner@1573f9fc]" started-at="2023-08-08T22:34:01 BST" name="tearDownClass" finished-at="2023-08-08T22:34:02 BST" duration-ms="57" status="PASS">
          <reporter-output>
          </reporter-output>
        </test-method> <!-- tearDownClass -->
      </class> <!-- org.cucumber.TestNGRunner -->
    </test> <!-- Surefire test -->
  </suite> <!-- Surefire suite -->
</testng-results>
